<?xml version="1.0" encoding="UTF-8"?>
<!-- Generated by org.testng.reporters.JUnitReportReporter -->
<testsuite hostname="DESKTOP-IEPVL3O" failures="0" tests="1" name="Amazon.com.tests.LoginTest" time="11.283" errors="0" timestamp="2024-03-30T13:07:44 IST" skipped="0">
  <testcase classname="Amazon.com.tests.LoginTest" name="verifyLogin" time="11.283"/>
  <system-out/>
</testsuite> <!-- Amazon.com.tests.LoginTest -->
